<?xml version='1.0' encoding='UTF-8' ?>
<testsuite name="com.example.lib_module_account_api.ExampleInstrumentedTest" tests="1" failures="1" errors="0" skipped="0" time="0.498" timestamp="2026-07-26T02:00:57" hostname="localhost">
  <properties>
    <property name="device" value="25079RPDCC - 16" />
    <property name="flavor" value="" />
    <property name="project" value=":lib_base_service_api" />
  </properties>
  <testcase name="useAppContext" classname="com.example.lib_module_account_api.ExampleInstrumentedTest" time="0.014">
    <failure>org.junit.ComparisonFailure: expected:&lt;com.[example.lib_module_account_]api.test&gt; but was:&lt;com.[justwen.androidnga.base.service.]api.test&gt;
at org.junit.Assert.assertEquals(Assert.java:117)
at org.junit.Assert.assertEquals(Assert.java:146)
at com.example.lib_module_account_api.ExampleInstrumentedTest.useAppContext(ExampleInstrumentedTest.java:24)
</failure>
  </testcase>
</testsuite>