<?xml version='1.0' encoding='UTF-8' ?>
<testsuite name="com.justwen.androidnga.base.network.ExampleInstrumentedTest" tests="1" failures="0" errors="0" skipped="0" time="3.374" timestamp="2026-07-26T01:59:10" hostname="localhost">
  <properties>
    <property name="device" value="25079RPDCC - 16" />
    <property name="flavor" value="" />
    <property name="project" value=":lib_base_network" />
  </properties>
  <testcase name="useAppContext" classname="com.justwen.androidnga.base.network.ExampleInstrumentedTest" time="0.013" />
</testsuite>